<?xml version="1.0" ?>
<!DOCTYPE coverage SYSTEM "http://cobertura.sourceforge.net/xml/coverage-04.dtd">
<coverage lines-valid="210"  lines-covered="187"  line-rate="0.8905"  branches-valid="104"  branches-covered="83"  branch-rate="0.7981"  timestamp="1386044012827" complexity="0" version="0.1">
<sources>
	<source>/Users/leobalter/dev/DexterJS</source>
</sources>
<packages>
	<package name="src"  line-rate="0.8905"  branch-rate="0.7981" >
	<classes>
		<class name="Dexter.fakeXHR.js"  filename="src/Dexter.fakeXHR.js"  line-rate="0.8686"  branch-rate="0.7717" >
		<methods>
			<method name="(anonymous_1)"  hits="1"  signature="()V" >
				<lines><line number="2"  hits="1" /></lines>
			</method>
			<method name="(anonymous_2)"  hits="1"  signature="()V" >
				<lines><line number="14"  hits="1" /></lines>
			</method>
			<method name="(anonymous_3)"  hits="1"  signature="()V" >
				<lines><line number="28"  hits="1" /></lines>
			</method>
			<method name="(anonymous_4)"  hits="0"  signature="()V" >
				<lines><line number="107"  hits="0" /></lines>
			</method>
			<method name="verifyState"  hits="13"  signature="()V" >
				<lines><line number="124"  hits="13" /></lines>
			</method>
			<method name="parseXML"  hits="1"  signature="()V" >
				<lines><line number="133"  hits="1" /></lines>
			</method>
			<method name="(anonymous_7)"  hits="2"  signature="()V" >
				<lines><line number="182"  hits="2" /></lines>
			</method>
			<method name="(anonymous_8)"  hits="9"  signature="()V" >
				<lines><line number="206"  hits="9" /></lines>
			</method>
			<method name="(anonymous_9)"  hits="13"  signature="()V" >
				<lines><line number="238"  hits="13" /></lines>
			</method>
			<method name="(anonymous_10)"  hits="6"  signature="()V" >
				<lines><line number="265"  hits="6" /></lines>
			</method>
			<method name="(anonymous_11)"  hits="7"  signature="()V" >
				<lines><line number="295"  hits="7" /></lines>
			</method>
			<method name="(anonymous_12)"  hits="3"  signature="()V" >
				<lines><line number="317"  hits="3" /></lines>
			</method>
			<method name="(anonymous_13)"  hits="5"  signature="()V" >
				<lines><line number="337"  hits="5" /></lines>
			</method>
			<method name="(anonymous_14)"  hits="32"  signature="()V" >
				<lines><line number="360"  hits="32" /></lines>
			</method>
			<method name="(anonymous_15)"  hits="5"  signature="()V" >
				<lines><line number="384"  hits="5" /></lines>
			</method>
			<method name="(anonymous_16)"  hits="4"  signature="()V" >
				<lines><line number="418"  hits="4" /></lines>
			</method>
			<method name="(anonymous_17)"  hits="17"  signature="()V" >
				<lines><line number="455"  hits="17" /></lines>
			</method>
			<method name="(anonymous_18)"  hits="18"  signature="()V" >
				<lines><line number="472"  hits="18" /></lines>
			</method>
			<method name="(anonymous_19)"  hits="18"  signature="()V" >
				<lines><line number="493"  hits="18" /></lines>
			</method>
			<method name="(anonymous_20)"  hits="0"  signature="()V" >
				<lines><line number="497"  hits="0" /></lines>
			</method>
			<method name="(anonymous_21)"  hits="3"  signature="()V" >
				<lines><line number="522"  hits="3" /></lines>
			</method>
			<method name="(anonymous_22)"  hits="1"  signature="()V" >
				<lines><line number="542"  hits="1" /></lines>
			</method>
			<method name="(anonymous_23)"  hits="16"  signature="()V" >
				<lines><line number="552"  hits="16" /></lines>
			</method>
			<method name="fakeXHR"  hits="17"  signature="()V" >
				<lines><line number="569"  hits="17" /></lines>
			</method>
		</methods>
		<lines>
			<line number="2"  hits="1"  branch="false" />
			<line number="4"  hits="1"  branch="false" />
			<line number="14"  hits="1"  branch="false" />
			<line number="15"  hits="1"  branch="false" />
			<line number="16"  hits="1"  branch="false" />
			<line number="17"  hits="1"  branch="false" />
			<line number="18"  hits="1"  branch="false" />
			<line number="20"  hits="0"  branch="false" />
			<line number="28"  hits="1"  branch="false" />
			<line number="29"  hits="1"  branch="false" />
			<line number="30"  hits="1"  branch="false" />
			<line number="31"  hits="1"  branch="false" />
			<line number="32"  hits="0"  branch="false" />
			<line number="34"  hits="1"  branch="false" />
			<line number="39"  hits="1"  branch="false" />
			<line number="84"  hits="1"  branch="false" />
			<line number="106"  hits="1"  branch="true"  condition-coverage="50% (1/2)" />
			<line number="107"  hits="0"  branch="false" />
			<line number="108"  hits="0"  branch="true"  condition-coverage="0% (0/2)" />
			<line number="111"  hits="0"  branch="false" />
			<line number="112"  hits="0"  branch="true"  condition-coverage="0% (0/2)" />
			<line number="113"  hits="0"  branch="false" />
			<line number="116"  hits="0"  branch="false" />
			<line number="124"  hits="1"  branch="false" />
			<line number="125"  hits="13"  branch="true"  condition-coverage="100% (4/4)" />
			<line number="126"  hits="4"  branch="false" />
			<line number="133"  hits="1"  branch="false" />
			<line number="134"  hits="1"  branch="false" />
			<line number="137"  hits="1"  branch="true"  condition-coverage="50% (1/2)" />
			<line number="138"  hits="1"  branch="false" />
			<line number="139"  hits="1"  branch="false" />
			<line number="141"  hits="0"  branch="false" />
			<line number="142"  hits="0"  branch="false" />
			<line number="143"  hits="0"  branch="false" />
			<line number="146"  hits="1"  branch="false" />
			<line number="149"  hits="1"  branch="false" />
			<line number="184"  hits="2"  branch="false" />
			<line number="185"  hits="2"  branch="false" />
			<line number="186"  hits="2"  branch="false" />
			<line number="187"  hits="2"  branch="false" />
			<line number="188"  hits="2"  branch="false" />
			<line number="189"  hits="2"  branch="false" />
			<line number="190"  hits="2"  branch="false" />
			<line number="191"  hits="2"  branch="false" />
			<line number="192"  hits="2"  branch="false" />
			<line number="193"  hits="2"  branch="false" />
			<line number="194"  hits="2"  branch="false" />
			<line number="196"  hits="2"  branch="true"  condition-coverage="75% (3/4)" />
			<line number="197"  hits="0"  branch="false" />
			<line number="199"  hits="2"  branch="false" />
			<line number="207"  hits="9"  branch="false" />
			<line number="210"  hits="9"  branch="true"  condition-coverage="100% (2/2)" />
			<line number="211"  hits="3"  branch="false" />
			<line number="215"  hits="6"  branch="true"  condition-coverage="100% (2/2)" />
			<line number="216"  hits="1"  branch="false" />
			<line number="220"  hits="5"  branch="false" />
			<line number="222"  hits="5"  branch="false" />
			<line number="223"  hits="4"  branch="true"  condition-coverage="50% (1/2)" />
			<line number="225"  hits="4"  branch="true"  condition-coverage="100% (2/2)" />
			<line number="227"  hits="2"  branch="false" />
			<line number="233"  hits="3"  branch="false" />
			<line number="240"  hits="13"  branch="true"  condition-coverage="100% (4/4)" />
			<line number="241"  hits="2"  branch="false" />
			<line number="244"  hits="11"  branch="false" />
			<line number="245"  hits="11"  branch="false" />
			<line number="249"  hits="11"  branch="true"  condition-coverage="100% (2/2)" />
			<line number="251"  hits="11"  branch="false" />
			<line number="252"  hits="11"  branch="false" />
			<line number="254"  hits="11"  branch="false" />
			<line number="255"  hits="11"  branch="false" />
			<line number="256"  hits="11"  branch="false" />
			<line number="257"  hits="11"  branch="false" />
			<line number="260"  hits="11"  branch="false" />
			<line number="266"  hits="6"  branch="false" />
			<line number="268"  hits="6"  branch="false" />
			<line number="270"  hits="4"  branch="true"  condition-coverage="50% (1/2)" />
			<line number="271"  hits="0"  branch="true"  condition-coverage="0% (0/2)" />
			<line number="272"  hits="0"  branch="false" />
			<line number="273"  hits="0"  branch="false" />
			<line number="275"  hits="0"  branch="false" />
			<line number="277"  hits="0"  branch="false" />
			<line number="281"  hits="4"  branch="false" />
			<line number="282"  hits="4"  branch="false" />
			<line number="285"  hits="4"  branch="false" />
			<line number="288"  hits="4"  branch="true"  condition-coverage="100% (2/2)" />
			<line number="289"  hits="1"  branch="false" />
			<line number="297"  hits="7"  branch="false" />
			<line number="302"  hits="5"  branch="true"  condition-coverage="100% (4/4)" />
			<line number="303"  hits="3"  branch="false" />
			<line number="306"  hits="2"  branch="true"  condition-coverage="100% (2/2)" />
			<line number="308"  hits="1"  branch="false" />
			<line number="311"  hits="1"  branch="false" />
			<line number="318"  hits="3"  branch="false" />
			<line number="321"  hits="3"  branch="true"  condition-coverage="100% (2/2)" />
			<line number="322"  hits="2"  branch="false" />
			<line number="325"  hits="1"  branch="false" />
			<line number="326"  hits="3"  branch="true"  condition-coverage="75% (3/4)" />
			<line number="327"  hits="3"  branch="false" />
			<line number="331"  hits="1"  branch="false" />
			<line number="338"  hits="5"  branch="false" />
			<line number="340"  hits="5"  branch="false" />
			<line number="342"  hits="5"  branch="false" />
			<line number="343"  hits="5"  branch="true"  condition-coverage="50% (1/2)" />
			<line number="344"  hits="5"  branch="false" />
			<line number="349"  hits="5"  branch="true"  condition-coverage="100% (2/2)" />
			<line number="350"  hits="2"  branch="false" />
			<line number="361"  hits="32"  branch="false" />
			<line number="362"  hits="32"  branch="false" />
			<line number="364"  hits="32"  branch="true"  condition-coverage="100% (2/2)" />
			<line number="365"  hits="18"  branch="false" />
			<line number="367"  hits="18"  branch="false" />
			<line number="368"  hits="18"  branch="false" />
			<line number="372"  hits="0"  branch="false" />
			<line number="378"  hits="18"  branch="false" />
			<line number="385"  hits="5"  branch="true"  condition-coverage="100% (2/2)" />
			<line number="389"  hits="5"  branch="false" />
			<line number="391"  hits="5"  branch="true"  condition-coverage="100% (2/2)" />
			<line number="392"  hits="2"  branch="false" />
			<line number="393"  hits="12"  branch="false" />
			<line number="394"  hits="12"  branch="false" />
			<line number="397"  hits="3"  branch="false" />
			<line number="400"  hits="5"  branch="true"  condition-coverage="100% (2/2)" />
			<line number="402"  hits="5"  branch="true"  condition-coverage="100% (4/4)" />
			<line number="403"  hits="1"  branch="false" />
			<line number="404"  hits="1"  branch="false" />
			<line number="419"  hits="4"  branch="true"  condition-coverage="100% (2/2)" />
			<line number="424"  hits="4"  branch="true"  condition-coverage="100% (2/2)" />
			<line number="425"  hits="1"  branch="false" />
			<line number="428"  hits="3"  branch="false" />
			<line number="429"  hits="3"  branch="true"  condition-coverage="100% (2/2)" />
			<line number="430"  hits="3"  branch="false" />
			<line number="432"  hits="3"  branch="false" />
			<line number="435"  hits="3"  branch="true"  condition-coverage="100% (2/2)" />
			<line number="436"  hits="1"  branch="false" />
			<line number="439"  hits="2"  branch="false" />
			<line number="455"  hits="1"  branch="false" />
			<line number="456"  hits="17"  branch="false" />
			<line number="465"  hits="17"  branch="false" />
			<line number="466"  hits="17"  branch="false" />
			<line number="472"  hits="17"  branch="false" />
			<line number="473"  hits="18"  branch="false" />
			<line number="476"  hits="18"  branch="false" />
			<line number="479"  hits="18"  branch="false" />
			<line number="483"  hits="18"  branch="true"  condition-coverage="50% (2/4)" />
			<line number="484"  hits="0"  branch="false" />
			<line number="486"  hits="18"  branch="false" />
			<line number="493"  hits="17"  branch="false" />
			<line number="494"  hits="18"  branch="false" />
			<line number="497"  hits="17"  branch="false" />
			<line number="498"  hits="0"  branch="false" />
			<line number="502"  hits="17"  branch="false" />
			<line number="503"  hits="17"  branch="false" />
			<line number="505"  hits="17"  branch="true"  condition-coverage="50% (1/2)" />
			<line number="506"  hits="17"  branch="false" />
			<line number="509"  hits="17"  branch="true"  condition-coverage="50% (1/2)" />
			<line number="510"  hits="0"  branch="false" />
			<line number="518"  hits="1"  branch="false" />
			<line number="523"  hits="3"  branch="false" />
			<line number="525"  hits="3"  branch="true"  condition-coverage="50% (1/2)" />
			<line number="526"  hits="3"  branch="true"  condition-coverage="100% (2/2)" />
			<line number="528"  hits="1"  branch="false" />
			<line number="531"  hits="2"  branch="false" />
			<line number="534"  hits="3"  branch="false" />
			<line number="537"  hits="3"  branch="false" />
			<line number="543"  hits="1"  branch="false" />
			<line number="545"  hits="1"  branch="false" />
			<line number="546"  hits="1"  branch="false" />
			<line number="553"  hits="16"  branch="true"  condition-coverage="50% (1/2)" />
			<line number="554"  hits="0"  branch="false" />
			<line number="556"  hits="16"  branch="true"  condition-coverage="50% (1/2)" />
			<line number="557"  hits="16"  branch="false" />
			<line number="560"  hits="16"  branch="true"  condition-coverage="50% (1/2)" />
			<line number="561"  hits="0"  branch="false" />
			<line number="569"  hits="1"  branch="false" />
			<line number="570"  hits="17"  branch="false" />
		</lines>
		</class>
		<class name="Dexter.js"  filename="src/Dexter.js"  line-rate="1"  branch-rate="1" >
		<methods>
			<method name="(anonymous_1)"  hits="1"  signature="()V" >
				<lines><line number="8"  hits="1" /></lines>
			</method>
			<method name="(anonymous_2)"  hits="8"  signature="()V" >
				<lines><line number="11"  hits="8" /></lines>
			</method>
			<method name="setDexterObjs"  hits="20"  signature="()V" >
				<lines><line number="16"  hits="20" /></lines>
			</method>
			<method name="(anonymous_4)"  hits="18"  signature="()V" >
				<lines><line number="23"  hits="18" /></lines>
			</method>
			<method name="(anonymous_5)"  hits="15"  signature="()V" >
				<lines><line number="33"  hits="15" /></lines>
			</method>
			<method name="DexterObj"  hits="23"  signature="()V" >
				<lines><line number="40"  hits="23" /></lines>
			</method>
			<method name="(anonymous_7)"  hits="33"  signature="()V" >
				<lines><line number="59"  hits="33" /></lines>
			</method>
			<method name="(anonymous_8)"  hits="15"  signature="()V" >
				<lines><line number="73"  hits="15" /></lines>
			</method>
			<method name="(anonymous_9)"  hits="8"  signature="()V" >
				<lines><line number="76"  hits="8" /></lines>
			</method>
		</methods>
		<lines>
			<line number="8"  hits="1"  branch="false" />
			<line number="9"  hits="1"  branch="false" />
			<line number="11"  hits="1"  branch="false" />
			<line number="12"  hits="8"  branch="false" />
			<line number="13"  hits="8"  branch="false" />
			<line number="16"  hits="1"  branch="false" />
			<line number="17"  hits="20"  branch="false" />
			<line number="18"  hits="20"  branch="false" />
			<line number="19"  hits="20"  branch="false" />
			<line number="22"  hits="1"  branch="false" />
			<line number="25"  hits="18"  branch="false" />
			<line number="27"  hits="18"  branch="true"  condition-coverage="100% (2/2)" />
			<line number="28"  hits="6"  branch="false" />
			<line number="31"  hits="18"  branch="false" />
			<line number="34"  hits="15"  branch="true"  condition-coverage="100% (2/2)" />
			<line number="35"  hits="4"  branch="false" />
			<line number="40"  hits="1"  branch="false" />
			<line number="41"  hits="23"  branch="false" />
			<line number="42"  hits="23"  branch="false" />
			<line number="43"  hits="23"  branch="false" />
			<line number="45"  hits="23"  branch="true"  condition-coverage="100% (2/2)" />
			<line number="46"  hits="2"  branch="false" />
			<line number="49"  hits="21"  branch="true"  condition-coverage="100% (4/4)" />
			<line number="50"  hits="1"  branch="false" />
			<line number="53"  hits="20"  branch="true"  condition-coverage="100% (2/2)" />
			<line number="54"  hits="4"  branch="false" />
			<line number="57"  hits="20"  branch="false" />
			<line number="59"  hits="20"  branch="false" />
			<line number="60"  hits="33"  branch="false" />
			<line number="62"  hits="33"  branch="false" />
			<line number="64"  hits="33"  branch="false" />
			<line number="68"  hits="1"  branch="false" />
			<line number="72"  hits="1"  branch="false" />
			<line number="74"  hits="15"  branch="false" />
			<line number="77"  hits="8"  branch="false" />
		</lines>
		</class>
	</classes>
	</package>
</packages>
</coverage>
